
################## Preparing data ##################

loading data on ram
----------------------------------------
epoch [1/600], 45.5s

2.16044559457567
2.051327215194702

best val loss: inf ----------> 2.051327215194702
----------------------------------------
epoch [2/600], 44.5s

2.025175613339742
1.965614543914795

best val loss: 2.051327215194702 ----------> 1.965614543914795
----------------------------------------
epoch [3/600], 44.6s

1.9479035870869954
1.9172943408966066

best val loss: 1.965614543914795 ----------> 1.9172943408966066
----------------------------------------
epoch [4/600], 44.5s

1.884679160202874
1.842799401473999

best val loss: 1.9172943408966066 ----------> 1.842799401473999
----------------------------------------
epoch [5/600], 44.6s

1.823866541226705
1.8101385120391846

best val loss: 1.842799401473999 ----------> 1.8101385120391846
----------------------------------------
epoch [6/600], 44.4s

1.778876979827881
1.7544799049377442

best val loss: 1.8101385120391846 ----------> 1.7544799049377442
----------------------------------------
epoch [7/600], 44.4s

1.7266733883115981
1.7497454635620118

best val loss: 1.7544799049377442 ----------> 1.7497454635620118
----------------------------------------
epoch [8/600], 44.4s

1.6879099543253582
1.703517339706421

best val loss: 1.7497454635620118 ----------> 1.703517339706421
----------------------------------------
epoch [9/600], 44.5s

1.6447122763739692
1.645364584350586

best val loss: 1.703517339706421 ----------> 1.645364584350586
----------------------------------------
epoch [10/600], 44.3s

1.6098985909356012
1.5961352964401245

best val loss: 1.645364584350586 ----------> 1.5961352964401245
----------------------------------------
epoch [11/600], 44.4s

1.5792377829233806
1.5516791355133057

best val loss: 1.5961352964401245 ----------> 1.5516791355133057
----------------------------------------
epoch [12/600], 44.6s

1.5474400815963745
1.5405810638427735

best val loss: 1.5516791355133057 ----------> 1.5405810638427735
----------------------------------------
epoch [13/600], 44.7s

1.5190278544955784
1.4750066228866576

best val loss: 1.5405810638427735 ----------> 1.4750066228866576
----------------------------------------
epoch [14/600], 44.8s

1.4843068103790282
1.4836228883743285
----------------------------------------
epoch [15/600], 44.8s

1.4654948089811537
1.4427648056030273

best val loss: 1.4750066228866576 ----------> 1.4427648056030273
----------------------------------------
epoch [16/600], 44.8s

1.4292914593378703
1.4332950939178466

best val loss: 1.4427648056030273 ----------> 1.4332950939178466
----------------------------------------
epoch [17/600], 44.8s

1.4164376821729872
1.4171134691238403

best val loss: 1.4332950939178466 ----------> 1.4171134691238403
----------------------------------------
epoch [18/600], 44.7s

1.4005778096305
1.4049439889907838

best val loss: 1.4171134691238403 ----------> 1.4049439889907838
----------------------------------------
epoch [19/600], 44.7s

1.3820605976740519
1.3927098768234254

best val loss: 1.4049439889907838 ----------> 1.3927098768234254
----------------------------------------
epoch [20/600], 44.6s

1.355128297106425
1.3372416065216064

best val loss: 1.3927098768234254 ----------> 1.3372416065216064
----------------------------------------
epoch [21/600], 44.8s

1.3459759123060437
1.3083487016677857

best val loss: 1.3372416065216064 ----------> 1.3083487016677857
----------------------------------------
epoch [22/600], 44.6s

1.3279410396152072
1.3162710584640502
----------------------------------------
epoch [23/600], 44.6s

1.3074169727537368
1.3146746559143065
----------------------------------------
epoch [24/600], 44.6s

1.2945280386606852
1.277057826423645

best val loss: 1.3083487016677857 ----------> 1.277057826423645
----------------------------------------
epoch [25/600], 44.7s

1.276926821475559
1.2586863416671752

best val loss: 1.277057826423645 ----------> 1.2586863416671752
----------------------------------------
epoch [26/600], 44.6s

1.2644283202913071
1.2479098352432252

best val loss: 1.2586863416671752 ----------> 1.2479098352432252
----------------------------------------
epoch [27/600], 44.8s

1.2483909059100682
1.2960308519363404
----------------------------------------
epoch [28/600], 44.7s

1.2337354854371814
1.237020050239563

best val loss: 1.2479098352432252 ----------> 1.237020050239563
----------------------------------------
epoch [29/600], 44.6s

1.225696880001492
1.2134251029968262

best val loss: 1.237020050239563 ----------> 1.2134251029968262
----------------------------------------
epoch [30/600], 44.6s

1.217599103334215
1.2318156204223634
----------------------------------------
epoch [31/600], 44.7s

1.200141850874159
1.2224726345062256
----------------------------------------
epoch [32/600], 44.7s

1.196348452589247
1.1817402799606322

best val loss: 1.2134251029968262 ----------> 1.1817402799606322
----------------------------------------
epoch [33/600], 44.7s

1.180586319096883
1.1902059181213378
----------------------------------------
epoch [34/600], 44.5s

1.1734764364666408
1.1740148302078246

best val loss: 1.1817402799606322 ----------> 1.1740148302078246
----------------------------------------
epoch [35/600], 44.6s

1.1591162184185453
1.173323509788513

best val loss: 1.1740148302078246 ----------> 1.173323509788513
----------------------------------------
epoch [36/600], 44.5s

1.1510643844604491
1.178145261669159
----------------------------------------
epoch [37/600], 44.6s

1.1455911091486612
1.1619459980010987

best val loss: 1.173323509788513 ----------> 1.1619459980010987
----------------------------------------
epoch [38/600], 44.6s

1.1339529206593832
1.1545298236846924

best val loss: 1.1619459980010987 ----------> 1.1545298236846924
----------------------------------------
epoch [39/600], 44.6s

1.12127451939053
1.1510518865585326

best val loss: 1.1545298236846924 ----------> 1.1510518865585326
